<?xml version="1.0" encoding="UTF-8"?>
<testsuite name="SampleTest" tests="1" skipped="0" failures="0" errors="0" timestamp="2021-10-26T06:56:43" hostname="DESKTOP-FFVLKQ8" time="0.017">
  <properties/>
  <testcase name="test()" classname="SampleTest" time="0.017"/>
  <system-out><![CDATA[]]></system-out>
  <system-err><![CDATA[]]></system-err>
</testsuite>
